  Admin.cpp
C:\Users\H2\Downloads\my-github\Bank_system\Bank System\Person.h(5,1): error C2011: 'Person': 'class' type redefinition
C:\Users\H2\Downloads\my-github\Bank_system\Bank System\Person.h(4): message : see declaration of 'Person'
C:\Users\H2\Downloads\my-github\Bank_system\Bank System\Client.h(7,1): error C2504: 'Person': base class undefined
C:\Users\H2\Downloads\my-github\Bank_system\Bank System\Employee.h(8,1): error C2504: 'Person': base class undefined
C:\Users\H2\Downloads\my-github\Bank_system\Bank System\Client.h(6,14): error C2011: 'Client': 'class' type redefinition
C:\Users\H2\Downloads\my-github\Bank_system\Bank System\Client.h(6): message : see declaration of 'Client'
C:\Users\H2\Downloads\my-github\Bank_system\Bank System\Employee.h(7,16): error C2011: 'Employee': 'class' type redefinition
C:\Users\H2\Downloads\my-github\Bank_system\Bank System\Employee.h(7): message : see declaration of 'Employee'
C:\Users\H2\Downloads\my-github\Bank_system\Bank System\DataSourceInterface.h(12,16): error C2143: syntax error: missing ';' before '<'
C:\Users\H2\Downloads\my-github\Bank_system\Bank System\DataSourceInterface.h(12,16): error C2433: 'DataSourceInterface::vector': 'virtual' not permitted on data declarations
C:\Users\H2\Downloads\my-github\Bank_system\Bank System\DataSourceInterface.h(12,16): error C4430: missing type specifier - int assumed. Note: C++ does not support default-int
C:\Users\H2\Downloads\my-github\Bank_system\Bank System\DataSourceInterface.h(12,43): error C2238: unexpected token(s) preceding ';'
C:\Users\H2\Downloads\my-github\Bank_system\Bank System\DataSourceInterface.h(13,16): error C2143: syntax error: missing ';' before '<'
C:\Users\H2\Downloads\my-github\Bank_system\Bank System\DataSourceInterface.h(13,16): error C2433: 'DataSourceInterface::vector': 'virtual' not permitted on data declarations
C:\Users\H2\Downloads\my-github\Bank_system\Bank System\DataSourceInterface.h(13,16): error C4430: missing type specifier - int assumed. Note: C++ does not support default-int
C:\Users\H2\Downloads\my-github\Bank_system\Bank System\DataSourceInterface.h(13,47): error C2238: unexpected token(s) preceding ';'
C:\Users\H2\Downloads\my-github\Bank_system\Bank System\DataSourceInterface.h(14,16): error C2143: syntax error: missing ';' before '<'
C:\Users\H2\Downloads\my-github\Bank_system\Bank System\DataSourceInterface.h(14,16): error C2433: 'DataSourceInterface::vector': 'virtual' not permitted on data declarations
C:\Users\H2\Downloads\my-github\Bank_system\Bank System\DataSourceInterface.h(14,16): error C4430: missing type specifier - int assumed. Note: C++ does not support default-int
C:\Users\H2\Downloads\my-github\Bank_system\Bank System\DataSourceInterface.h(14,41): error C2238: unexpected token(s) preceding ';'
C:\Users\H2\Downloads\my-github\Bank_system\Bank System\Admin.h(8,13): error C2011: 'Admin': 'class' type redefinition
C:\Users\H2\Downloads\my-github\Bank_system\Bank System\Admin.h(8): message : see declaration of 'Admin'
C:\Users\H2\Downloads\my-github\Bank_system\Bank System\Admin.cpp(10,8): error C2027: use of undefined type 'Admin'
C:\Users\H2\Downloads\my-github\Bank_system\Bank System\Admin.h(8): message : see declaration of 'Admin'
C:\Users\H2\Downloads\my-github\Bank_system\Bank System\Admin.cpp(10,16): error C4430: missing type specifier - int assumed. Note: C++ does not support default-int
C:\Users\H2\Downloads\my-github\Bank_system\Bank System\Admin.cpp(11,1): error C2550: '{ctor}': constructor initializer lists are only allowed on constructor definitions
C:\Users\H2\Downloads\my-github\Bank_system\Bank System\Admin.cpp(13,1): warning C4508: '{ctor}': function should return a value; 'void' return type assumed
C:\Users\H2\Downloads\my-github\Bank_system\Bank System\Admin.cpp(14,8): error C2027: use of undefined type 'Admin'
C:\Users\H2\Downloads\my-github\Bank_system\Bank System\Admin.h(8): message : see declaration of 'Admin'
C:\Users\H2\Downloads\my-github\Bank_system\Bank System\Admin.cpp(14,67): error C4430: missing type specifier - int assumed. Note: C++ does not support default-int
C:\Users\H2\Downloads\my-github\Bank_system\Bank System\Admin.cpp(14,105): error C2550: '{ctor}': constructor initializer lists are only allowed on constructor definitions
C:\Users\H2\Downloads\my-github\Bank_system\Bank System\Admin.cpp(16,1): warning C4508: '{ctor}': function should return a value; 'void' return type assumed
C:\Users\H2\Downloads\my-github\Bank_system\Bank System\Admin.cpp(17,13): error C2027: use of undefined type 'Admin'
C:\Users\H2\Downloads\my-github\Bank_system\Bank System\Admin.h(8): message : see declaration of 'Admin'
C:\Users\H2\Downloads\my-github\Bank_system\Bank System\Admin.cpp(18,12): error C2027: use of undefined type 'Employee'
C:\Users\H2\Downloads\my-github\Bank_system\Bank System\Employee.h(7): message : see declaration of 'Employee'
C:\Users\H2\Downloads\my-github\Bank_system\Bank System\Admin.cpp(20,13): error C2027: use of undefined type 'Admin'
C:\Users\H2\Downloads\my-github\Bank_system\Bank System\Admin.h(8): message : see declaration of 'Admin'
C:\Users\H2\Downloads\my-github\Bank_system\Bank System\Admin.cpp(21,26): error C2664: 'void FileManager::addClient(Client)': cannot convert argument 1 from 'Client' to 'Client'
C:\Users\H2\Downloads\my-github\Bank_system\Bank System\Admin.cpp(21,26): message : use of undefined type 'Client'
C:\Users\H2\Downloads\my-github\Bank_system\Bank System\Client.h(6,7): message : see declaration of 'Client'
C:\Users\H2\Downloads\my-github\Bank_system\Bank System\FileManager.h(15,14): message : see declaration of 'FileManager::addClient'
C:\Users\H2\Downloads\my-github\Bank_system\Bank System\Admin.cpp(23,16): error C2027: use of undefined type 'Admin'
C:\Users\H2\Downloads\my-github\Bank_system\Bank System\Admin.h(8): message : see declaration of 'Admin'
C:\Users\H2\Downloads\my-github\Bank_system\Bank System\Admin.cpp(28,6): error C2027: use of undefined type 'Client'
C:\Users\H2\Downloads\my-github\Bank_system\Bank System\Client.h(6): message : see declaration of 'Client'
C:\Users\H2\Downloads\my-github\Bank_system\Bank System\Admin.cpp(35,13): error C2027: use of undefined type 'Admin'
C:\Users\H2\Downloads\my-github\Bank_system\Bank System\Admin.h(8): message : see declaration of 'Admin'
C:\Users\H2\Downloads\my-github\Bank_system\Bank System\Admin.cpp(39,7): error C2027: use of undefined type 'Client'
C:\Users\H2\Downloads\my-github\Bank_system\Bank System\Client.h(6): message : see declaration of 'Client'
C:\Users\H2\Downloads\my-github\Bank_system\Bank System\Admin.cpp(42,13): error C2027: use of undefined type 'Admin'
C:\Users\H2\Downloads\my-github\Bank_system\Bank System\Admin.h(8): message : see declaration of 'Admin'
C:\Users\H2\Downloads\my-github\Bank_system\Bank System\Admin.cpp(43,9): error C2079: 'a' uses undefined class 'Client'
C:\Users\H2\Downloads\my-github\Bank_system\Bank System\Admin.cpp(49,13): error C2027: use of undefined type 'Admin'
C:\Users\H2\Downloads\my-github\Bank_system\Bank System\Admin.h(8): message : see declaration of 'Admin'
C:\Users\H2\Downloads\my-github\Bank_system\Bank System\Admin.cpp(50,28): error C2664: 'void FileManager::addEmployee(Employee)': cannot convert argument 1 from 'Employee' to 'Employee'
C:\Users\H2\Downloads\my-github\Bank_system\Bank System\Admin.cpp(50,28): message : use of undefined type 'Employee'
C:\Users\H2\Downloads\my-github\Bank_system\Bank System\Employee.h(7,7): message : see declaration of 'Employee'
C:\Users\H2\Downloads\my-github\Bank_system\Bank System\FileManager.h(16,14): message : see declaration of 'FileManager::addEmployee'
C:\Users\H2\Downloads\my-github\Bank_system\Bank System\Admin.cpp(52,18): error C2027: use of undefined type 'Admin'
C:\Users\H2\Downloads\my-github\Bank_system\Bank System\Admin.h(8): message : see declaration of 'Admin'
C:\Users\H2\Downloads\my-github\Bank_system\Bank System\Admin.cpp(57,6): error C2027: use of undefined type 'Employee'
C:\Users\H2\Downloads\my-github\Bank_system\Bank System\Employee.h(7): message : see declaration of 'Employee'
C:\Users\H2\Downloads\my-github\Bank_system\Bank System\Admin.cpp(64,13): error C2027: use of undefined type 'Admin'
C:\Users\H2\Downloads\my-github\Bank_system\Bank System\Admin.h(8): message : see declaration of 'Admin'
C:\Users\H2\Downloads\my-github\Bank_system\Bank System\Admin.cpp(68,7): error C2027: use of undefined type 'Employee'
C:\Users\H2\Downloads\my-github\Bank_system\Bank System\Employee.h(7): message : see declaration of 'Employee'
C:\Users\H2\Downloads\my-github\Bank_system\Bank System\Admin.cpp(71,13): error C2027: use of undefined type 'Admin'
C:\Users\H2\Downloads\my-github\Bank_system\Bank System\Admin.h(8): message : see declaration of 'Admin'
C:\Users\H2\Downloads\my-github\Bank_system\Bank System\Admin.cpp(72,11): error C2079: 'e' uses undefined class 'Employee'
  Bank System.cpp
  ClientManger.cpp
C:\Users\H2\Downloads\my-github\Bank_system\Bank System\DataSourceInterface.h(10,27): error C2061: syntax error: identifier 'Employee'
C:\Users\H2\Downloads\my-github\Bank_system\Bank System\DataSourceInterface.h(11,24): error C2061: syntax error: identifier 'Admin'
C:\Users\H2\Downloads\my-github\Bank_system\Bank System\DataSourceInterface.h(12,16): error C2143: syntax error: missing ';' before '<'
C:\Users\H2\Downloads\my-github\Bank_system\Bank System\DataSourceInterface.h(12,16): error C2433: 'DataSourceInterface::vector': 'virtual' not permitted on data declarations
C:\Users\H2\Downloads\my-github\Bank_system\Bank System\DataSourceInterface.h(12,16): error C4430: missing type specifier - int assumed. Note: C++ does not support default-int
C:\Users\H2\Downloads\my-github\Bank_system\Bank System\DataSourceInterface.h(12,43): error C2238: unexpected token(s) preceding ';'
C:\Users\H2\Downloads\my-github\Bank_system\Bank System\DataSourceInterface.h(13,16): error C2143: syntax error: missing ';' before '<'
C:\Users\H2\Downloads\my-github\Bank_system\Bank System\DataSourceInterface.h(13,16): error C2433: 'DataSourceInterface::vector': 'virtual' not permitted on data declarations
C:\Users\H2\Downloads\my-github\Bank_system\Bank System\DataSourceInterface.h(13,16): error C4430: missing type specifier - int assumed. Note: C++ does not support default-int
C:\Users\H2\Downloads\my-github\Bank_system\Bank System\DataSourceInterface.h(13,47): error C2238: unexpected token(s) preceding ';'
C:\Users\H2\Downloads\my-github\Bank_system\Bank System\DataSourceInterface.h(14,16): error C2143: syntax error: missing ';' before '<'
C:\Users\H2\Downloads\my-github\Bank_system\Bank System\DataSourceInterface.h(14,16): error C2433: 'DataSourceInterface::vector': 'virtual' not permitted on data declarations
C:\Users\H2\Downloads\my-github\Bank_system\Bank System\DataSourceInterface.h(14,16): error C4430: missing type specifier - int assumed. Note: C++ does not support default-int
C:\Users\H2\Downloads\my-github\Bank_system\Bank System\DataSourceInterface.h(14,41): error C2238: unexpected token(s) preceding ';'
C:\Users\H2\Downloads\my-github\Bank_system\Bank System\Person.h(5,1): error C2011: 'Person': 'class' type redefinition
C:\Users\H2\Downloads\my-github\Bank_system\Bank System\Person.h(4): message : see declaration of 'Person'
C:\Users\H2\Downloads\my-github\Bank_system\Bank System\Client.h(6,14): error C2011: 'Client': 'class' type redefinition
C:\Users\H2\Downloads\my-github\Bank_system\Bank System\Client.h(6): message : see declaration of 'Client'
C:\Users\H2\Downloads\my-github\Bank_system\Bank System\Employee.h(8,1): error C2504: 'Person': base class undefined
C:\Users\H2\Downloads\my-github\Bank_system\Bank System\Employee.h(7,16): error C2011: 'Employee': 'class' type redefinition
C:\Users\H2\Downloads\my-github\Bank_system\Bank System\Employee.h(7): message : see declaration of 'Employee'
C:\Users\H2\Downloads\my-github\Bank_system\Bank System\DataSourceInterface.h(7,1): error C2011: 'DataSourceInterface': 'class' type redefinition
C:\Users\H2\Downloads\my-github\Bank_system\Bank System\DataSourceInterface.h(6): message : see declaration of 'DataSourceInterface'
C:\Users\H2\Downloads\my-github\Bank_system\Bank System\Admin.h(8,13): error C2011: 'Admin': 'class' type redefinition
C:\Users\H2\Downloads\my-github\Bank_system\Bank System\Admin.h(8): message : see declaration of 'Admin'
C:\Users\H2\Downloads\my-github\Bank_system\Bank System\FileManager.h(12,19): error C2011: 'FileManager': 'class' type redefinition
C:\Users\H2\Downloads\my-github\Bank_system\Bank System\FileManager.h(12): message : see declaration of 'FileManager'
C:\Users\H2\Downloads\my-github\Bank_system\Bank System\ClientManger.cpp(26,21): error C2027: use of undefined type 'Client'
C:\Users\H2\Downloads\my-github\Bank_system\Bank System\Client.h(6): message : see declaration of 'Client'
C:\Users\H2\Downloads\my-github\Bank_system\Bank System\ClientManger.cpp(26,44): error C2027: use of undefined type 'Client'
C:\Users\H2\Downloads\my-github\Bank_system\Bank System\Client.h(6): message : see declaration of 'Client'
C:\Users\H2\Downloads\my-github\Bank_system\Bank System\ClientManger.cpp(27,16): error C2065: 'ClientMenu': undeclared identifier
C:\Users\H2\Downloads\my-github\Bank_system\Bank System\ClientManger.cpp(29,3): error C2050: switch expression not integral
C:\Users\H2\Downloads\my-github\Bank_system\Bank System\ClientManger.cpp(37,5): error C2027: use of undefined type 'Client'
C:\Users\H2\Downloads\my-github\Bank_system\Bank System\Client.h(6): message : see declaration of 'Client'
C:\Users\H2\Downloads\my-github\Bank_system\Bank System\ClientManger.cpp(42,5): error C2027: use of undefined type 'Client'
C:\Users\H2\Downloads\my-github\Bank_system\Bank System\Client.h(6): message : see declaration of 'Client'
  DataSourceInterface.cpp
C:\Users\H2\Downloads\my-github\Bank_system\Bank System\DataSourceInterface.h(9,25): error C2061: syntax error: identifier 'Client'
C:\Users\H2\Downloads\my-github\Bank_system\Bank System\DataSourceInterface.h(10,27): error C2061: syntax error: identifier 'Employee'
C:\Users\H2\Downloads\my-github\Bank_system\Bank System\DataSourceInterface.h(11,24): error C2061: syntax error: identifier 'Admin'
C:\Users\H2\Downloads\my-github\Bank_system\Bank System\DataSourceInterface.h(12,16): error C2143: syntax error: missing ';' before '<'
C:\Users\H2\Downloads\my-github\Bank_system\Bank System\DataSourceInterface.h(12,16): error C2433: 'DataSourceInterface::vector': 'virtual' not permitted on data declarations
C:\Users\H2\Downloads\my-github\Bank_system\Bank System\DataSourceInterface.h(12,16): error C4430: missing type specifier - int assumed. Note: C++ does not support default-int
C:\Users\H2\Downloads\my-github\Bank_system\Bank System\DataSourceInterface.h(12,43): error C2238: unexpected token(s) preceding ';'
C:\Users\H2\Downloads\my-github\Bank_system\Bank System\DataSourceInterface.h(13,16): error C2143: syntax error: missing ';' before '<'
C:\Users\H2\Downloads\my-github\Bank_system\Bank System\DataSourceInterface.h(13,16): error C2433: 'DataSourceInterface::vector': 'virtual' not permitted on data declarations
C:\Users\H2\Downloads\my-github\Bank_system\Bank System\DataSourceInterface.h(13,16): error C4430: missing type specifier - int assumed. Note: C++ does not support default-int
C:\Users\H2\Downloads\my-github\Bank_system\Bank System\DataSourceInterface.h(13,47): error C2238: unexpected token(s) preceding ';'
C:\Users\H2\Downloads\my-github\Bank_system\Bank System\DataSourceInterface.h(14,16): error C2143: syntax error: missing ';' before '<'
C:\Users\H2\Downloads\my-github\Bank_system\Bank System\DataSourceInterface.h(14,16): error C2433: 'DataSourceInterface::vector': 'virtual' not permitted on data declarations
C:\Users\H2\Downloads\my-github\Bank_system\Bank System\DataSourceInterface.h(14,16): error C4430: missing type specifier - int assumed. Note: C++ does not support default-int
C:\Users\H2\Downloads\my-github\Bank_system\Bank System\DataSourceInterface.h(14,41): error C2238: unexpected token(s) preceding ';'
C:\Users\H2\Downloads\my-github\Bank_system\Bank System\Person.h(5,1): error C2011: 'Person': 'class' type redefinition
C:\Users\H2\Downloads\my-github\Bank_system\Bank System\Person.h(4): message : see declaration of 'Person'
C:\Users\H2\Downloads\my-github\Bank_system\Bank System\Client.h(7,1): error C2504: 'Person': base class undefined
C:\Users\H2\Downloads\my-github\Bank_system\Bank System\Employee.h(8,1): error C2504: 'Person': base class undefined
C:\Users\H2\Downloads\my-github\Bank_system\Bank System\Client.h(6,14): error C2011: 'Client': 'class' type redefinition
C:\Users\H2\Downloads\my-github\Bank_system\Bank System\Client.h(6): message : see declaration of 'Client'
C:\Users\H2\Downloads\my-github\Bank_system\Bank System\Employee.h(7,16): error C2011: 'Employee': 'class' type redefinition
C:\Users\H2\Downloads\my-github\Bank_system\Bank System\Employee.h(7): message : see declaration of 'Employee'
  Employee.cpp
C:\Users\H2\Downloads\my-github\Bank_system\Bank System\Person.h(5,1): error C2011: 'Person': 'class' type redefinition
C:\Users\H2\Downloads\my-github\Bank_system\Bank System\Person.h(4): message : see declaration of 'Person'
C:\Users\H2\Downloads\my-github\Bank_system\Bank System\Client.h(7,1): error C2504: 'Person': base class undefined
C:\Users\H2\Downloads\my-github\Bank_system\Bank System\Employee.h(8,1): error C2504: 'Person': base class undefined
C:\Users\H2\Downloads\my-github\Bank_system\Bank System\DataSourceInterface.h(11,24): error C2061: syntax error: identifier 'Admin'
C:\Users\H2\Downloads\my-github\Bank_system\Bank System\DataSourceInterface.h(12,16): error C2143: syntax error: missing ';' before '<'
C:\Users\H2\Downloads\my-github\Bank_system\Bank System\DataSourceInterface.h(12,16): error C2433: 'DataSourceInterface::vector': 'virtual' not permitted on data declarations
C:\Users\H2\Downloads\my-github\Bank_system\Bank System\DataSourceInterface.h(12,16): error C4430: missing type specifier - int assumed. Note: C++ does not support default-int
C:\Users\H2\Downloads\my-github\Bank_system\Bank System\DataSourceInterface.h(12,43): error C2238: unexpected token(s) preceding ';'
C:\Users\H2\Downloads\my-github\Bank_system\Bank System\DataSourceInterface.h(13,16): error C2143: syntax error: missing ';' before '<'
C:\Users\H2\Downloads\my-github\Bank_system\Bank System\DataSourceInterface.h(13,16): error C2433: 'DataSourceInterface::vector': 'virtual' not permitted on data declarations
C:\Users\H2\Downloads\my-github\Bank_system\Bank System\DataSourceInterface.h(13,16): error C4430: missing type specifier - int assumed. Note: C++ does not support default-int
C:\Users\H2\Downloads\my-github\Bank_system\Bank System\DataSourceInterface.h(13,47): error C2238: unexpected token(s) preceding ';'
C:\Users\H2\Downloads\my-github\Bank_system\Bank System\DataSourceInterface.h(14,16): error C2143: syntax error: missing ';' before '<'
C:\Users\H2\Downloads\my-github\Bank_system\Bank System\DataSourceInterface.h(14,16): error C2433: 'DataSourceInterface::vector': 'virtual' not permitted on data declarations
C:\Users\H2\Downloads\my-github\Bank_system\Bank System\DataSourceInterface.h(14,16): error C4430: missing type specifier - int assumed. Note: C++ does not support default-int
C:\Users\H2\Downloads\my-github\Bank_system\Bank System\DataSourceInterface.h(14,41): error C2238: unexpected token(s) preceding ';'
C:\Users\H2\Downloads\my-github\Bank_system\Bank System\Client.h(6,14): error C2011: 'Client': 'class' type redefinition
C:\Users\H2\Downloads\my-github\Bank_system\Bank System\Client.h(6): message : see declaration of 'Client'
C:\Users\H2\Downloads\my-github\Bank_system\Bank System\Employee.h(7,16): error C2011: 'Employee': 'class' type redefinition
C:\Users\H2\Downloads\my-github\Bank_system\Bank System\Employee.h(7): message : see declaration of 'Employee'
C:\Users\H2\Downloads\my-github\Bank_system\Bank System\Admin.h(9,1): error C2504: 'Employee': base class undefined
C:\Users\H2\Downloads\my-github\Bank_system\Bank System\Employee.cpp(11,11): error C2027: use of undefined type 'Employee'
C:\Users\H2\Downloads\my-github\Bank_system\Bank System\Employee.h(7): message : see declaration of 'Employee'
C:\Users\H2\Downloads\my-github\Bank_system\Bank System\Employee.cpp(11,22): error C4430: missing type specifier - int assumed. Note: C++ does not support default-int
C:\Users\H2\Downloads\my-github\Bank_system\Bank System\Employee.cpp(11,32): error C2550: '{ctor}': constructor initializer lists are only allowed on constructor definitions
C:\Users\H2\Downloads\my-github\Bank_system\Bank System\Employee.cpp(12,2): error C2065: 'salary': undeclared identifier
C:\Users\H2\Downloads\my-github\Bank_system\Bank System\Employee.cpp(13,1): warning C4508: '{ctor}': function should return a value; 'void' return type assumed
C:\Users\H2\Downloads\my-github\Bank_system\Bank System\Employee.cpp(14,11): error C2027: use of undefined type 'Employee'
C:\Users\H2\Downloads\my-github\Bank_system\Bank System\Employee.h(7): message : see declaration of 'Employee'
C:\Users\H2\Downloads\my-github\Bank_system\Bank System\Employee.cpp(14,73): error C4430: missing type specifier - int assumed. Note: C++ does not support default-int
C:\Users\H2\Downloads\my-github\Bank_system\Bank System\Employee.cpp(14,101): error C2550: '{ctor}': constructor initializer lists are only allowed on constructor definitions
C:\Users\H2\Downloads\my-github\Bank_system\Bank System\Employee.cpp(15,2): error C3861: 'setSalary': identifier not found
C:\Users\H2\Downloads\my-github\Bank_system\Bank System\Employee.cpp(16,1): warning C4508: '{ctor}': function should return a value; 'void' return type assumed
C:\Users\H2\Downloads\my-github\Bank_system\Bank System\Employee.cpp(17,16): error C2027: use of undefined type 'Employee'
C:\Users\H2\Downloads\my-github\Bank_system\Bank System\Employee.h(7): message : see declaration of 'Employee'
C:\Users\H2\Downloads\my-github\Bank_system\Bank System\Employee.cpp(19,3): error C2065: 'salary': undeclared identifier
C:\Users\H2\Downloads\my-github\Bank_system\Bank System\Employee.cpp(26,18): error C2027: use of undefined type 'Employee'
C:\Users\H2\Downloads\my-github\Bank_system\Bank System\Employee.h(7): message : see declaration of 'Employee'
C:\Users\H2\Downloads\my-github\Bank_system\Bank System\Employee.cpp(27,9): error C2065: 'salary': undeclared identifier
C:\Users\H2\Downloads\my-github\Bank_system\Bank System\Employee.cpp(29,16): error C2027: use of undefined type 'Employee'
C:\Users\H2\Downloads\my-github\Bank_system\Bank System\Employee.h(7): message : see declaration of 'Employee'
C:\Users\H2\Downloads\my-github\Bank_system\Bank System\Employee.cpp(30,10): error C2027: use of undefined type 'Person'
C:\Users\H2\Downloads\my-github\Bank_system\Bank System\Person.h(4): message : see declaration of 'Person'
C:\Users\H2\Downloads\my-github\Bank_system\Bank System\Employee.cpp(34,16): error C2027: use of undefined type 'Employee'
C:\Users\H2\Downloads\my-github\Bank_system\Bank System\Employee.h(7): message : see declaration of 'Employee'
C:\Users\H2\Downloads\my-github\Bank_system\Bank System\Employee.cpp(35,26): error C2664: 'void FileManager::addClient(Client)': cannot convert argument 1 from 'Client' to 'Client'
C:\Users\H2\Downloads\my-github\Bank_system\Bank System\Employee.cpp(35,26): message : use of undefined type 'Client'
C:\Users\H2\Downloads\my-github\Bank_system\Bank System\Client.h(6,7): message : see declaration of 'Client'
C:\Users\H2\Downloads\my-github\Bank_system\Bank System\FileManager.h(15,14): message : see declaration of 'FileManager::addClient'
C:\Users\H2\Downloads\my-github\Bank_system\Bank System\Employee.cpp(37,19): error C2027: use of undefined type 'Employee'
C:\Users\H2\Downloads\my-github\Bank_system\Bank System\Employee.h(7): message : see declaration of 'Employee'
C:\Users\H2\Downloads\my-github\Bank_system\Bank System\Employee.cpp(42,6): error C2027: use of undefined type 'Client'
C:\Users\H2\Downloads\my-github\Bank_system\Bank System\Client.h(6): message : see declaration of 'Client'
C:\Users\H2\Downloads\my-github\Bank_system\Bank System\Employee.cpp(49,16): error C2027: use of undefined type 'Employee'
C:\Users\H2\Downloads\my-github\Bank_system\Bank System\Employee.h(7): message : see declaration of 'Employee'
C:\Users\H2\Downloads\my-github\Bank_system\Bank System\Employee.cpp(53,7): error C2027: use of undefined type 'Client'
C:\Users\H2\Downloads\my-github\Bank_system\Bank System\Client.h(6): message : see declaration of 'Client'
C:\Users\H2\Downloads\my-github\Bank_system\Bank System\Employee.cpp(56,16): error C2027: use of undefined type 'Employee'
C:\Users\H2\Downloads\my-github\Bank_system\Bank System\Employee.h(7): message : see declaration of 'Employee'
C:\Users\H2\Downloads\my-github\Bank_system\Bank System\Employee.cpp(57,9): error C2079: 'a' uses undefined class 'Client'
  FileHelper.cpp
  FileManager.cpp
C:\Users\H2\Downloads\my-github\Bank_system\Bank System\DataSourceInterface.h(9,25): error C2061: syntax error: identifier 'Client'
C:\Users\H2\Downloads\my-github\Bank_system\Bank System\DataSourceInterface.h(10,27): error C2061: syntax error: identifier 'Employee'
C:\Users\H2\Downloads\my-github\Bank_system\Bank System\DataSourceInterface.h(11,24): error C2061: syntax error: identifier 'Admin'
C:\Users\H2\Downloads\my-github\Bank_system\Bank System\DataSourceInterface.h(12,16): error C2143: syntax error: missing ';' before '<'
C:\Users\H2\Downloads\my-github\Bank_system\Bank System\DataSourceInterface.h(12,16): error C2433: 'DataSourceInterface::vector': 'virtual' not permitted on data declarations
C:\Users\H2\Downloads\my-github\Bank_system\Bank System\DataSourceInterface.h(12,16): error C4430: missing type specifier - int assumed. Note: C++ does not support default-int
C:\Users\H2\Downloads\my-github\Bank_system\Bank System\DataSourceInterface.h(12,43): error C2238: unexpected token(s) preceding ';'
C:\Users\H2\Downloads\my-github\Bank_system\Bank System\DataSourceInterface.h(13,16): error C2143: syntax error: missing ';' before '<'
C:\Users\H2\Downloads\my-github\Bank_system\Bank System\DataSourceInterface.h(13,16): error C2433: 'DataSourceInterface::vector': 'virtual' not permitted on data declarations
C:\Users\H2\Downloads\my-github\Bank_system\Bank System\DataSourceInterface.h(13,16): error C4430: missing type specifier - int assumed. Note: C++ does not support default-int
C:\Users\H2\Downloads\my-github\Bank_system\Bank System\DataSourceInterface.h(13,47): error C2238: unexpected token(s) preceding ';'
C:\Users\H2\Downloads\my-github\Bank_system\Bank System\DataSourceInterface.h(14,16): error C2143: syntax error: missing ';' before '<'
C:\Users\H2\Downloads\my-github\Bank_system\Bank System\DataSourceInterface.h(14,16): error C2433: 'DataSourceInterface::vector': 'virtual' not permitted on data declarations
C:\Users\H2\Downloads\my-github\Bank_system\Bank System\DataSourceInterface.h(14,16): error C4430: missing type specifier - int assumed. Note: C++ does not support default-int
C:\Users\H2\Downloads\my-github\Bank_system\Bank System\DataSourceInterface.h(14,41): error C2238: unexpected token(s) preceding ';'
C:\Users\H2\Downloads\my-github\Bank_system\Bank System\Person.h(5,1): error C2011: 'Person': 'class' type redefinition
C:\Users\H2\Downloads\my-github\Bank_system\Bank System\Person.h(4): message : see declaration of 'Person'
C:\Users\H2\Downloads\my-github\Bank_system\Bank System\Client.h(7,1): error C2504: 'Person': base class undefined
C:\Users\H2\Downloads\my-github\Bank_system\Bank System\Employee.h(8,1): error C2504: 'Person': base class undefined
C:\Users\H2\Downloads\my-github\Bank_system\Bank System\Client.h(6,14): error C2011: 'Client': 'class' type redefinition
C:\Users\H2\Downloads\my-github\Bank_system\Bank System\Client.h(6): message : see declaration of 'Client'
C:\Users\H2\Downloads\my-github\Bank_system\Bank System\Employee.h(7,16): error C2011: 'Employee': 'class' type redefinition
C:\Users\H2\Downloads\my-github\Bank_system\Bank System\Employee.h(7): message : see declaration of 'Employee'
C:\Users\H2\Downloads\my-github\Bank_system\Bank System\Admin.h(8,13): error C2011: 'Admin': 'class' type redefinition
C:\Users\H2\Downloads\my-github\Bank_system\Bank System\Admin.h(8): message : see declaration of 'Admin'
C:\Users\H2\Downloads\my-github\Bank_system\Bank System\FileManager.cpp(11,19): error C2027: use of undefined type 'Client'
C:\Users\H2\Downloads\my-github\Bank_system\Bank System\Client.h(6): message : see declaration of 'Client'
C:\Users\H2\Downloads\my-github\Bank_system\Bank System\FileManager.cpp(15,9): error C2027: use of undefined type 'Client'
C:\Users\H2\Downloads\my-github\Bank_system\Bank System\Client.h(6): message : see declaration of 'Client'
C:\Users\H2\Downloads\my-github\Bank_system\Bank System\FileManager.cpp(15,29): error C2027: use of undefined type 'Client'
C:\Users\H2\Downloads\my-github\Bank_system\Bank System\Client.h(6): message : see declaration of 'Client'
C:\Users\H2\Downloads\my-github\Bank_system\Bank System\FileManager.cpp(15,51): error C2027: use of undefined type 'Client'
C:\Users\H2\Downloads\my-github\Bank_system\Bank System\Client.h(6): message : see declaration of 'Client'
C:\Users\H2\Downloads\my-github\Bank_system\Bank System\FileManager.cpp(15,77): error C2027: use of undefined type 'Client'
C:\Users\H2\Downloads\my-github\Bank_system\Bank System\Client.h(6): message : see declaration of 'Client'
C:\Users\H2\Downloads\my-github\Bank_system\Bank System\FileManager.cpp(23,20): error C2027: use of undefined type 'Employee'
C:\Users\H2\Downloads\my-github\Bank_system\Bank System\Employee.h(7): message : see declaration of 'Employee'
C:\Users\H2\Downloads\my-github\Bank_system\Bank System\FileManager.cpp(27,9): error C2027: use of undefined type 'Employee'
C:\Users\H2\Downloads\my-github\Bank_system\Bank System\Employee.h(7): message : see declaration of 'Employee'
C:\Users\H2\Downloads\my-github\Bank_system\Bank System\FileManager.cpp(27,29): error C2027: use of undefined type 'Employee'
C:\Users\H2\Downloads\my-github\Bank_system\Bank System\Employee.h(7): message : see declaration of 'Employee'
C:\Users\H2\Downloads\my-github\Bank_system\Bank System\FileManager.cpp(27,51): error C2027: use of undefined type 'Employee'
C:\Users\H2\Downloads\my-github\Bank_system\Bank System\Employee.h(7): message : see declaration of 'Employee'
C:\Users\H2\Downloads\my-github\Bank_system\Bank System\FileManager.cpp(27,77): error C2027: use of undefined type 'Employee'
C:\Users\H2\Downloads\my-github\Bank_system\Bank System\Employee.h(7): message : see declaration of 'Employee'
C:\Users\H2\Downloads\my-github\Bank_system\Bank System\FileManager.cpp(34,20): error C2027: use of undefined type 'Admin'
C:\Users\H2\Downloads\my-github\Bank_system\Bank System\Admin.h(8): message : see declaration of 'Admin'
C:\Users\H2\Downloads\my-github\Bank_system\Bank System\FileManager.cpp(38,9): error C2027: use of undefined type 'Admin'
C:\Users\H2\Downloads\my-github\Bank_system\Bank System\Admin.h(8): message : see declaration of 'Admin'
C:\Users\H2\Downloads\my-github\Bank_system\Bank System\FileManager.cpp(38,29): error C2027: use of undefined type 'Admin'
C:\Users\H2\Downloads\my-github\Bank_system\Bank System\Admin.h(8): message : see declaration of 'Admin'
C:\Users\H2\Downloads\my-github\Bank_system\Bank System\FileManager.cpp(38,51): error C2027: use of undefined type 'Admin'
C:\Users\H2\Downloads\my-github\Bank_system\Bank System\Admin.h(8): message : see declaration of 'Admin'
C:\Users\H2\Downloads\my-github\Bank_system\Bank System\FileManager.cpp(38,77): error C2027: use of undefined type 'Admin'
C:\Users\H2\Downloads\my-github\Bank_system\Bank System\Admin.h(8): message : see declaration of 'Admin'
C:\Users\H2\Downloads\my-github\Bank_system\Bank System\FileManager.cpp(52,11): error C2079: 'c' uses undefined class 'Client'
C:\Users\H2\Downloads\my-github\Bank_system\Bank System\FileManager.cpp(53,16): error C2027: use of undefined type 'Client'
C:\Users\H2\Downloads\my-github\Bank_system\Bank System\Client.h(6): message : see declaration of 'Client'
C:\Users\H2\Downloads\my-github\Bank_system\Bank System\FileManager.cpp(53,30): error C2027: use of undefined type 'Client'
C:\Users\H2\Downloads\my-github\Bank_system\Bank System\Client.h(6): message : see declaration of 'Client'
C:\Users\H2\Downloads\my-github\Bank_system\Bank System\FileManager.cpp(54,17): error C2664: 'void std::vector<Client,std::allocator<Client>>::push_back(const _Ty &)': cannot convert argument 1 from 'int' to 'const _Ty &'
          with
          [
              _Ty=Client
          ]
C:\Users\H2\Downloads\my-github\Bank_system\Bank System\FileManager.cpp(54,17): message : Reason: cannot convert from 'int' to 'const _Ty'
          with
          [
              _Ty=Client
          ]
C:\Users\H2\Downloads\my-github\Bank_system\Bank System\FileManager.cpp(54,17): message : use of undefined type 'Client'
C:\Users\H2\Downloads\my-github\Bank_system\Bank System\Client.h(6,7): message : see declaration of 'Client'
C:\Program Files\Microsoft Visual Studio\2022\Community\VC\Tools\MSVC\14.30.30705\include\vector(626,23): message : see declaration of 'std::vector<Client,std::allocator<Client>>::push_back'
C:\Users\H2\Downloads\my-github\Bank_system\Bank System\FileManager.cpp(68,13): error C2079: 'e' uses undefined class 'Employee'
C:\Users\H2\Downloads\my-github\Bank_system\Bank System\FileManager.cpp(69,16): error C2027: use of undefined type 'Employee'
C:\Users\H2\Downloads\my-github\Bank_system\Bank System\Employee.h(7): message : see declaration of 'Employee'
C:\Users\H2\Downloads\my-github\Bank_system\Bank System\FileManager.cpp(69,32): error C2027: use of undefined type 'Employee'
C:\Users\H2\Downloads\my-github\Bank_system\Bank System\Employee.h(7): message : see declaration of 'Employee'
C:\Users\H2\Downloads\my-github\Bank_system\Bank System\FileManager.cpp(70,17): error C2664: 'void std::vector<Employee,std::allocator<Employee>>::push_back(const _Ty &)': cannot convert argument 1 from 'int' to 'const _Ty &'
          with
          [
              _Ty=Employee
          ]
C:\Users\H2\Downloads\my-github\Bank_system\Bank System\FileManager.cpp(70,17): message : Reason: cannot convert from 'int' to 'const _Ty'
          with
          [
              _Ty=Employee
          ]
C:\Users\H2\Downloads\my-github\Bank_system\Bank System\FileManager.cpp(70,17): message : use of undefined type 'Employee'
C:\Users\H2\Downloads\my-github\Bank_system\Bank System\Employee.h(7,7): message : see declaration of 'Employee'
C:\Program Files\Microsoft Visual Studio\2022\Community\VC\Tools\MSVC\14.30.30705\include\vector(626,23): message : see declaration of 'std::vector<Employee,std::allocator<Employee>>::push_back'
C:\Users\H2\Downloads\my-github\Bank_system\Bank System\FileManager.cpp(84,10): error C2079: 'a' uses undefined class 'Admin'
C:\Users\H2\Downloads\my-github\Bank_system\Bank System\FileManager.cpp(85,16): error C2027: use of undefined type 'Admin'
C:\Users\H2\Downloads\my-github\Bank_system\Bank System\Admin.h(8): message : see declaration of 'Admin'
C:\Users\H2\Downloads\my-github\Bank_system\Bank System\FileManager.cpp(85,29): error C2027: use of undefined type 'Admin'
C:\Users\H2\Downloads\my-github\Bank_system\Bank System\Admin.h(8): message : see declaration of 'Admin'
C:\Users\H2\Downloads\my-github\Bank_system\Bank System\FileManager.cpp(86,17): error C2664: 'void std::vector<Admin,std::allocator<Admin>>::push_back(const _Ty &)': cannot convert argument 1 from 'int' to 'const _Ty &'
          with
          [
              _Ty=Admin
          ]
C:\Users\H2\Downloads\my-github\Bank_system\Bank System\FileManager.cpp(86,17): message : Reason: cannot convert from 'int' to 'const _Ty'
          with
          [
              _Ty=Admin
          ]
C:\Users\H2\Downloads\my-github\Bank_system\Bank System\FileManager.cpp(86,17): message : use of undefined type 'Admin'
C:\Users\H2\Downloads\my-github\Bank_system\Bank System\Admin.h(8,7): message : see declaration of 'Admin'
C:\Program Files\Microsoft Visual Studio\2022\Community\VC\Tools\MSVC\14.30.30705\include\vector(626,23): message : see declaration of 'std::vector<Admin,std::allocator<Admin>>::push_back'
  Parser.cpp
C:\Users\H2\Downloads\my-github\Bank_system\Bank System\Person.h(5,1): error C2011: 'Person': 'class' type redefinition
C:\Users\H2\Downloads\my-github\Bank_system\Bank System\Person.h(4): message : see declaration of 'Person'
C:\Users\H2\Downloads\my-github\Bank_system\Bank System\Client.h(7,1): error C2504: 'Person': base class undefined
C:\Users\H2\Downloads\my-github\Bank_system\Bank System\Employee.h(8,1): error C2504: 'Person': base class undefined
C:\Users\H2\Downloads\my-github\Bank_system\Bank System\Client.h(6,14): error C2011: 'Client': 'class' type redefinition
C:\Users\H2\Downloads\my-github\Bank_system\Bank System\Client.h(6): message : see declaration of 'Client'
C:\Users\H2\Downloads\my-github\Bank_system\Bank System\Employee.h(7,16): error C2011: 'Employee': 'class' type redefinition
C:\Users\H2\Downloads\my-github\Bank_system\Bank System\Employee.h(7): message : see declaration of 'Employee'
C:\Users\H2\Downloads\my-github\Bank_system\Bank System\Admin.h(8,13): error C2011: 'Admin': 'class' type redefinition
C:\Users\H2\Downloads\my-github\Bank_system\Bank System\Admin.h(8): message : see declaration of 'Admin'
C:\Users\H2\Downloads\my-github\Bank_system\Bank System\Parser.cpp(27,45): error C2027: use of undefined type 'Client'
C:\Users\H2\Downloads\my-github\Bank_system\Bank System\Client.h(6): message : see declaration of 'Client'
C:\Users\H2\Downloads\my-github\Bank_system\Bank System\Parser.cpp(27,17): error C2027: use of undefined type 'Client'
C:\Users\H2\Downloads\my-github\Bank_system\Bank System\Client.h(6): message : see declaration of 'Client'
C:\Users\H2\Downloads\my-github\Bank_system\Bank System\Parser.cpp(28,9): error C2079: 'a' uses undefined class 'Client'
C:\Users\H2\Downloads\my-github\Bank_system\Bank System\Parser.cpp(38,49): error C2027: use of undefined type 'Employee'
C:\Users\H2\Downloads\my-github\Bank_system\Bank System\Employee.h(7): message : see declaration of 'Employee'
C:\Users\H2\Downloads\my-github\Bank_system\Bank System\Parser.cpp(38,19): error C2027: use of undefined type 'Employee'
C:\Users\H2\Downloads\my-github\Bank_system\Bank System\Employee.h(7): message : see declaration of 'Employee'
C:\Users\H2\Downloads\my-github\Bank_system\Bank System\Parser.cpp(39,11): error C2079: 'e' uses undefined class 'Employee'
C:\Users\H2\Downloads\my-github\Bank_system\Bank System\Parser.cpp(49,43): error C2027: use of undefined type 'Admin'
C:\Users\H2\Downloads\my-github\Bank_system\Bank System\Admin.h(8): message : see declaration of 'Admin'
C:\Users\H2\Downloads\my-github\Bank_system\Bank System\Parser.cpp(49,16): error C2027: use of undefined type 'Admin'
C:\Users\H2\Downloads\my-github\Bank_system\Bank System\Admin.h(8): message : see declaration of 'Admin'
C:\Users\H2\Downloads\my-github\Bank_system\Bank System\Parser.cpp(50,8): error C2079: 'a' uses undefined class 'Admin'
  Person.cpp
  Validation.cpp
  Generating Code...
